Flat profile:

Each sample counts as 0.01 seconds.
  %   cumulative   self              self     total           
 time   seconds   seconds    calls   s/call   s/call  name    
 30.67      0.50     0.50        1     0.50     0.77  defclique::heuristic(Graph&, int)
 23.31      0.88     0.38        1     0.38     1.40  defclique::russianDollSearch(Graph, int)
 14.11      1.11     0.23        1     0.23     0.23  Graph::loadFromFile(std::__cxx11::basic_string<char, std::char_traits<char>, std::allocator<char> > const&)
 13.50      1.33     0.22        2     0.11     0.12  defclique::coreReduction(Graph&, int)
  6.75      1.44     0.11     6173     0.00     0.00  std::vector<CuckooHash, std::allocator<CuckooHash> >::_M_default_append(unsigned long)
  3.68      1.50     0.06   188116     0.00     0.00  CuckooHash::rehash(std::vector<int, std::allocator<int> >&)
  2.45      1.54     0.04    28040     0.00     0.00  Ordering::degeneracyOrdering(Graph&)
  1.84      1.57     0.03   722526     0.00     0.00  Graph::addEdge(int, int)
  1.23      1.59     0.02   595383     0.00     0.00  logging::formatCurrentTime()
  0.61      1.60     0.01   557052     0.00     0.00  void std::vector<int, std::allocator<int> >::_M_realloc_insert<int const&>(__gnu_cxx::__normal_iterator<int*, std::vector<int, std::allocator<int> > >, int const&)
  0.61      1.61     0.01    28038     0.00     0.00  defclique::subGraph(Graph&, VertexSet)
  0.61      1.62     0.01     6173     0.00     0.00  std::vector<std::vector<int, std::allocator<int> >, std::allocator<std::vector<int, std::allocator<int> > > >::_M_default_append(unsigned long)
  0.61      1.63     0.01      771     0.00     0.00  defclique::upperbound()
  0.00      1.63     0.00  1427481     0.00     0.00  void std::__insertion_sort<__gnu_cxx::__normal_iterator<int*, std::vector<int, std::allocator<int> > >, __gnu_cxx::__ops::_Iter_comp_iter<defclique::heuristic(Graph&, int)::{lambda(int const&, int const&)#2}> >(__gnu_cxx::__normal_iterator<int*, std::vector<int, std::allocator<int> > >, __gnu_cxx::__normal_iterator<int*, std::vector<int, std::allocator<int> > >, __gnu_cxx::__ops::_Iter_comp_iter<defclique::heuristic(Graph&, int)::{lambda(int const&, int const&)#2}>)
  0.00      1.63     0.00    75715     0.00     0.00  std::vector<int, std::allocator<int> >::_M_default_append(unsigned long)
  0.00      1.63     0.00    56748     0.00     0.00  operator+(VertexSet, VertexSet)
  0.00      1.63     0.00    49690     0.00     0.00  std::vector<int, std::allocator<int> >::vector(std::vector<int, std::allocator<int> > const&)
  0.00      1.63     0.00    18181     0.00     0.00  VertexSet::push(int)
  0.00      1.63     0.00    17810     0.00     0.00  defclique::branch(int)
  0.00      1.63     0.00    11777     0.00     0.00  Coloring::graphColoring(Graph&, int)
  0.00      1.63     0.00     6032     0.00     0.00  std::vector<int, std::allocator<int> >::resize(unsigned long)
  0.00      1.63     0.00      857     0.00     0.00  defclique::moveCToS(int)
  0.00      1.63     0.00      752     0.00     0.00  defclique::restoreC(int)
  0.00      1.63     0.00      526     0.00     0.00  defclique::updateC(int)
  0.00      1.63     0.00      526     0.00     0.00  defclique::moveSToC(int)
  0.00      1.63     0.00      331     0.00     0.00  VertexSet::popFront(int)
  0.00      1.63     0.00      137     0.00     0.00  void std::deque<int, std::allocator<int> >::_M_push_back_aux<int const&>(int const&)
  0.00      1.63     0.00        8     0.00     0.00  Graph::~Graph()
  0.00      1.63     0.00        3     0.00     0.00  defclique::logSet(VertexSet&, std::__cxx11::basic_string<char, std::char_traits<char>, std::allocator<char> > const&)
  0.00      1.63     0.00        2     0.00     0.00  Graph::Graph(Graph const&)
  0.00      1.63     0.00        2     0.00     0.00  VertexSet::~VertexSet()
  0.00      1.63     0.00        2     0.00     0.00  frame_dummy
  0.00      1.63     0.00        1     0.00     0.00  std::_Deque_base<int, std::allocator<int> >::~_Deque_base()
  0.00      1.63     0.00        1     0.00     0.00  void std::__introsort_loop<__gnu_cxx::__normal_iterator<int*, std::vector<int, std::allocator<int> > >, long, __gnu_cxx::__ops::_Iter_comp_iter<defclique::heuristic(Graph&, int)::{lambda(int const&, int const&)#2}> >(__gnu_cxx::__normal_iterator<int*, std::vector<int, std::allocator<int> > >, __gnu_cxx::__normal_iterator<int*, std::vector<int, std::allocator<int> > >, long, __gnu_cxx::__ops::_Iter_comp_iter<defclique::heuristic(Graph&, int)::{lambda(int const&, int const&)#2}>)

			Call graph


granularity: each sample hit covers 4 byte(s) for 0.61% of 1.63 seconds

index % time    self  children    called     name
                                                 <spontaneous>
[1]    100.0    0.00    1.63                 main [1]
                0.38    1.02       1/1           defclique::russianDollSearch(Graph, int) [2]
                0.23    0.00       1/1           Graph::loadFromFile(std::__cxx11::basic_string<char, std::char_traits<char>, std::allocator<char> > const&) [5]
                0.00    0.00       2/2           frame_dummy [20]
                0.00    0.00       2/8           Graph::~Graph() [36]
                0.00    0.00       1/2           Graph::Graph(Graph const&) [37]
-----------------------------------------------
                0.38    1.02       1/1           main [1]
[2]     85.7    0.38    1.02       1         defclique::russianDollSearch(Graph, int) [2]
                0.50    0.27       1/1           defclique::heuristic(Graph&, int) [3]
                0.11    0.01       1/2           defclique::coreReduction(Graph&, int) [4]
                0.00    0.08   11778/28038       defclique::subGraph(Graph&, VertexSet) [6]
                0.00    0.02   11777/11777       Coloring::graphColoring(Graph&, int) [12]
                0.01    0.00  394430/595383      logging::formatCurrentTime() [11]
                0.00    0.01   11778/17810       defclique::branch(int) [13]
                0.00    0.00       1/28040       Ordering::degeneracyOrdering(Graph&) [10]
                0.00    0.00       1/3           defclique::logSet(VertexSet&, std::__cxx11::basic_string<char, std::char_traits<char>, std::allocator<char> > const&) [19]
                0.00    0.00   11777/56748       operator+(VertexSet, VertexSet) [28]
                0.00    0.00      10/75715       std::vector<int, std::allocator<int> >::_M_default_append(unsigned long) [27]
                0.00    0.00       3/8           Graph::~Graph() [36]
                0.00    0.00       2/2           VertexSet::~VertexSet() [38]
                0.00    0.00       2/49690       std::vector<int, std::allocator<int> >::vector(std::vector<int, std::allocator<int> > const&) [29]
                0.00    0.00       1/2           Graph::Graph(Graph const&) [37]
                0.00    0.00       1/1427481     void std::__insertion_sort<__gnu_cxx::__normal_iterator<int*, std::vector<int, std::allocator<int> > >, __gnu_cxx::__ops::_Iter_comp_iter<defclique::heuristic(Graph&, int)::{lambda(int const&, int const&)#2}> >(__gnu_cxx::__normal_iterator<int*, std::vector<int, std::allocator<int> > >, __gnu_cxx::__normal_iterator<int*, std::vector<int, std::allocator<int> > >, __gnu_cxx::__ops::_Iter_comp_iter<defclique::heuristic(Graph&, int)::{lambda(int const&, int const&)#2}>) [26]
-----------------------------------------------
                0.50    0.27       1/1           defclique::russianDollSearch(Graph, int) [2]
[3]     47.3    0.50    0.27       1         defclique::heuristic(Graph&, int) [3]
                0.11    0.01       1/2           defclique::coreReduction(Graph&, int) [4]
                0.01    0.11   16260/28038       defclique::subGraph(Graph&, VertexSet) [6]
                0.02    0.00   16262/28040       Ordering::degeneracyOrdering(Graph&) [10]
                0.01    0.00  199429/595383      logging::formatCurrentTime() [11]
                0.00    0.00       2/3           defclique::logSet(VertexSet&, std::__cxx11::basic_string<char, std::char_traits<char>, std::allocator<char> > const&) [19]
                0.00    0.00   32550/56748       operator+(VertexSet, VertexSet) [28]
                0.00    0.00       4/1427481     void std::__insertion_sort<__gnu_cxx::__normal_iterator<int*, std::vector<int, std::allocator<int> > >, __gnu_cxx::__ops::_Iter_comp_iter<defclique::heuristic(Graph&, int)::{lambda(int const&, int const&)#2}> >(__gnu_cxx::__normal_iterator<int*, std::vector<int, std::allocator<int> > >, __gnu_cxx::__normal_iterator<int*, std::vector<int, std::allocator<int> > >, __gnu_cxx::__ops::_Iter_comp_iter<defclique::heuristic(Graph&, int)::{lambda(int const&, int const&)#2}>) [26]
                0.00    0.00       2/49690       std::vector<int, std::allocator<int> >::vector(std::vector<int, std::allocator<int> > const&) [29]
                0.00    0.00       1/1           void std::__introsort_loop<__gnu_cxx::__normal_iterator<int*, std::vector<int, std::allocator<int> > >, long, __gnu_cxx::__ops::_Iter_comp_iter<defclique::heuristic(Graph&, int)::{lambda(int const&, int const&)#2}> >(__gnu_cxx::__normal_iterator<int*, std::vector<int, std::allocator<int> > >, __gnu_cxx::__normal_iterator<int*, std::vector<int, std::allocator<int> > >, long, __gnu_cxx::__ops::_Iter_comp_iter<defclique::heuristic(Graph&, int)::{lambda(int const&, int const&)#2}>) [40]
                0.00    0.00       1/8           Graph::~Graph() [36]
                0.00    0.00       1/1           std::_Deque_base<int, std::allocator<int> >::~_Deque_base() [39]
-----------------------------------------------
                0.11    0.01       1/2           defclique::heuristic(Graph&, int) [3]
                0.11    0.01       1/2           defclique::russianDollSearch(Graph, int) [2]
[4]     15.1    0.22    0.03       2         defclique::coreReduction(Graph&, int) [4]
                0.02    0.00   61858/188116      CuckooHash::rehash(std::vector<int, std::allocator<int> >&) [9]
                0.00    0.00  220173/557052      void std::vector<int, std::allocator<int> >::_M_realloc_insert<int const&>(__gnu_cxx::__normal_iterator<int*, std::vector<int, std::allocator<int> > >, int const&) [14]
                0.00    0.00     139/6173        std::vector<CuckooHash, std::allocator<CuckooHash> >::_M_default_append(unsigned long) [8]
                0.00    0.00     139/6173        std::vector<std::vector<int, std::allocator<int> >, std::allocator<std::vector<int, std::allocator<int> > > >::_M_default_append(unsigned long) [15]
                0.00    0.00       6/595383      logging::formatCurrentTime() [11]
                0.00    0.00     417/75715       std::vector<int, std::allocator<int> >::_M_default_append(unsigned long) [27]
                0.00    0.00     137/137         void std::deque<int, std::allocator<int> >::_M_push_back_aux<int const&>(int const&) [35]
                0.00    0.00       2/1427481     void std::__insertion_sort<__gnu_cxx::__normal_iterator<int*, std::vector<int, std::allocator<int> > >, __gnu_cxx::__ops::_Iter_comp_iter<defclique::heuristic(Graph&, int)::{lambda(int const&, int const&)#2}> >(__gnu_cxx::__normal_iterator<int*, std::vector<int, std::allocator<int> > >, __gnu_cxx::__normal_iterator<int*, std::vector<int, std::allocator<int> > >, __gnu_cxx::__ops::_Iter_comp_iter<defclique::heuristic(Graph&, int)::{lambda(int const&, int const&)#2}>) [26]
                0.00    0.00       2/49690       std::vector<int, std::allocator<int> >::vector(std::vector<int, std::allocator<int> > const&) [29]
                0.00    0.00       2/8           Graph::~Graph() [36]
-----------------------------------------------
                0.23    0.00       1/1           main [1]
[5]     14.3    0.23    0.00       1         Graph::loadFromFile(std::__cxx11::basic_string<char, std::char_traits<char>, std::allocator<char> > const&) [5]
                0.00    0.00  156215/557052      void std::vector<int, std::allocator<int> >::_M_realloc_insert<int const&>(__gnu_cxx::__normal_iterator<int*, std::vector<int, std::allocator<int> > >, int const&) [14]
                0.00    0.00       2/6173        std::vector<CuckooHash, std::allocator<CuckooHash> >::_M_default_append(unsigned long) [8]
                0.00    0.00       2/6173        std::vector<std::vector<int, std::allocator<int> >, std::allocator<std::vector<int, std::allocator<int> > > >::_M_default_append(unsigned long) [15]
                0.00    0.00       6/75715       std::vector<int, std::allocator<int> >::_M_default_append(unsigned long) [27]
-----------------------------------------------
                0.00    0.08   11778/28038       defclique::russianDollSearch(Graph, int) [2]
                0.01    0.11   16260/28038       defclique::heuristic(Graph&, int) [3]
[6]     12.5    0.01    0.19   28038         defclique::subGraph(Graph&, VertexSet) [6]
                0.03    0.16  722526/722526      Graph::addEdge(int, int) [7]
                0.00    0.00     204/188116      CuckooHash::rehash(std::vector<int, std::allocator<int> >&) [9]
                0.00    0.00    1262/557052      void std::vector<int, std::allocator<int> >::_M_realloc_insert<int const&>(__gnu_cxx::__normal_iterator<int*, std::vector<int, std::allocator<int> > >, int const&) [14]
-----------------------------------------------
                0.03    0.16  722526/722526      defclique::subGraph(Graph&, VertexSet) [6]
[7]     11.9    0.03    0.16  722526         Graph::addEdge(int, int) [7]
                0.11    0.00    6032/6173        std::vector<CuckooHash, std::allocator<CuckooHash> >::_M_default_append(unsigned long) [8]
                0.04    0.00  126054/188116      CuckooHash::rehash(std::vector<int, std::allocator<int> >&) [9]
                0.01    0.00    6032/6173        std::vector<std::vector<int, std::allocator<int> >, std::allocator<std::vector<int, std::allocator<int> > > >::_M_default_append(unsigned long) [15]
                0.00    0.00    6032/17810       defclique::branch(int) [13]
                0.00    0.00  175126/557052      void std::vector<int, std::allocator<int> >::_M_realloc_insert<int const&>(__gnu_cxx::__normal_iterator<int*, std::vector<int, std::allocator<int> > >, int const&) [14]
                0.00    0.00 1421007/1427481     void std::__insertion_sort<__gnu_cxx::__normal_iterator<int*, std::vector<int, std::allocator<int> > >, __gnu_cxx::__ops::_Iter_comp_iter<defclique::heuristic(Graph&, int)::{lambda(int const&, int const&)#2}> >(__gnu_cxx::__normal_iterator<int*, std::vector<int, std::allocator<int> > >, __gnu_cxx::__normal_iterator<int*, std::vector<int, std::allocator<int> > >, __gnu_cxx::__ops::_Iter_comp_iter<defclique::heuristic(Graph&, int)::{lambda(int const&, int const&)#2}>) [26]
                0.00    0.00    6032/75715       std::vector<int, std::allocator<int> >::_M_default_append(unsigned long) [27]
                0.00    0.00    6032/6032        std::vector<int, std::allocator<int> >::resize(unsigned long) [31]
-----------------------------------------------
                0.00    0.00       2/6173        Graph::loadFromFile(std::__cxx11::basic_string<char, std::char_traits<char>, std::allocator<char> > const&) [5]
                0.00    0.00     139/6173        defclique::coreReduction(Graph&, int) [4]
                0.11    0.00    6032/6173        Graph::addEdge(int, int) [7]
[8]      6.7    0.11    0.00    6173         std::vector<CuckooHash, std::allocator<CuckooHash> >::_M_default_append(unsigned long) [8]
-----------------------------------------------
                0.00    0.00     204/188116      defclique::subGraph(Graph&, VertexSet) [6]
                0.02    0.00   61858/188116      defclique::coreReduction(Graph&, int) [4]
                0.04    0.00  126054/188116      Graph::addEdge(int, int) [7]
[9]      3.7    0.06    0.00  188116         CuckooHash::rehash(std::vector<int, std::allocator<int> >&) [9]
-----------------------------------------------
                0.00    0.00       1/28040       defclique::russianDollSearch(Graph, int) [2]
                0.02    0.00   11777/28040       Coloring::graphColoring(Graph&, int) [12]
                0.02    0.00   16262/28040       defclique::heuristic(Graph&, int) [3]
[10]     2.5    0.04    0.00   28040         Ordering::degeneracyOrdering(Graph&) [10]
                0.00    0.00   57184/75715       std::vector<int, std::allocator<int> >::_M_default_append(unsigned long) [27]
-----------------------------------------------
                0.00    0.00       3/595383      defclique::logSet(VertexSet&, std::__cxx11::basic_string<char, std::char_traits<char>, std::allocator<char> > const&) [19]
                0.00    0.00       6/595383      defclique::coreReduction(Graph&, int) [4]
                0.00    0.00      14/595383      defclique::updateC(int) [18]
                0.00    0.00     526/595383      defclique::moveSToC(int) [17]
                0.00    0.00     975/595383      defclique::branch(int) [13]
                0.01    0.00  199429/595383      defclique::heuristic(Graph&, int) [3]
                0.01    0.00  394430/595383      defclique::russianDollSearch(Graph, int) [2]
[11]     1.2    0.02    0.00  595383         logging::formatCurrentTime() [11]
-----------------------------------------------
                0.00    0.02   11777/11777       defclique::russianDollSearch(Graph, int) [2]
[12]     1.0    0.00    0.02   11777         Coloring::graphColoring(Graph&, int) [12]
                0.02    0.00   11777/28040       Ordering::degeneracyOrdering(Graph&) [10]
                0.00    0.00    4276/557052      void std::vector<int, std::allocator<int> >::_M_realloc_insert<int const&>(__gnu_cxx::__normal_iterator<int*, std::vector<int, std::allocator<int> > >, int const&) [14]
-----------------------------------------------
                                 644             defclique::branch(int) [13]
                0.00    0.00    6032/17810       Graph::addEdge(int, int) [7]
                0.00    0.01   11778/17810       defclique::russianDollSearch(Graph, int) [2]
[13]     0.6    0.00    0.01   17810+644     defclique::branch(int) [13]
                0.01    0.00     771/771         defclique::upperbound() [16]
                0.00    0.00     975/595383      logging::formatCurrentTime() [11]
                0.00    0.00     526/526         defclique::moveSToC(int) [17]
                0.00    0.00     526/526         defclique::updateC(int) [18]
                0.00    0.00   49684/49690       std::vector<int, std::allocator<int> >::vector(std::vector<int, std::allocator<int> > const&) [29]
                0.00    0.00   18181/18181       VertexSet::push(int) [30]
                0.00    0.00   12421/56748       operator+(VertexSet, VertexSet) [28]
                0.00    0.00   12066/75715       std::vector<int, std::allocator<int> >::_M_default_append(unsigned long) [27]
                0.00    0.00    6464/1427481     void std::__insertion_sort<__gnu_cxx::__normal_iterator<int*, std::vector<int, std::allocator<int> > >, __gnu_cxx::__ops::_Iter_comp_iter<defclique::heuristic(Graph&, int)::{lambda(int const&, int const&)#2}> >(__gnu_cxx::__normal_iterator<int*, std::vector<int, std::allocator<int> > >, __gnu_cxx::__normal_iterator<int*, std::vector<int, std::allocator<int> > >, __gnu_cxx::__ops::_Iter_comp_iter<defclique::heuristic(Graph&, int)::{lambda(int const&, int const&)#2}>) [26]
                0.00    0.00     857/857         defclique::moveCToS(int) [32]
                0.00    0.00     752/752         defclique::restoreC(int) [33]
                0.00    0.00     331/331         VertexSet::popFront(int) [34]
                                 644             defclique::branch(int) [13]
-----------------------------------------------
                0.00    0.00    1262/557052      defclique::subGraph(Graph&, VertexSet) [6]
                0.00    0.00    4276/557052      Coloring::graphColoring(Graph&, int) [12]
                0.00    0.00  156215/557052      Graph::loadFromFile(std::__cxx11::basic_string<char, std::char_traits<char>, std::allocator<char> > const&) [5]
                0.00    0.00  175126/557052      Graph::addEdge(int, int) [7]
                0.00    0.00  220173/557052      defclique::coreReduction(Graph&, int) [4]
[14]     0.6    0.01    0.00  557052         void std::vector<int, std::allocator<int> >::_M_realloc_insert<int const&>(__gnu_cxx::__normal_iterator<int*, std::vector<int, std::allocator<int> > >, int const&) [14]
-----------------------------------------------
                0.00    0.00       2/6173        Graph::loadFromFile(std::__cxx11::basic_string<char, std::char_traits<char>, std::allocator<char> > const&) [5]
                0.00    0.00     139/6173        defclique::coreReduction(Graph&, int) [4]
                0.01    0.00    6032/6173        Graph::addEdge(int, int) [7]
[15]     0.6    0.01    0.00    6173         std::vector<std::vector<int, std::allocator<int> >, std::allocator<std::vector<int, std::allocator<int> > > >::_M_default_append(unsigned long) [15]
-----------------------------------------------
                0.01    0.00     771/771         defclique::branch(int) [13]
[16]     0.6    0.01    0.00     771         defclique::upperbound() [16]
-----------------------------------------------
                0.00    0.00     526/526         defclique::branch(int) [13]
[17]     0.0    0.00    0.00     526         defclique::moveSToC(int) [17]
                0.00    0.00     526/595383      logging::formatCurrentTime() [11]
-----------------------------------------------
                0.00    0.00     526/526         defclique::branch(int) [13]
[18]     0.0    0.00    0.00     526         defclique::updateC(int) [18]
                0.00    0.00      14/595383      logging::formatCurrentTime() [11]
-----------------------------------------------
                0.00    0.00       1/3           defclique::russianDollSearch(Graph, int) [2]
                0.00    0.00       2/3           defclique::heuristic(Graph&, int) [3]
[19]     0.0    0.00    0.00       3         defclique::logSet(VertexSet&, std::__cxx11::basic_string<char, std::char_traits<char>, std::allocator<char> > const&) [19]
                0.00    0.00       3/595383      logging::formatCurrentTime() [11]
                0.00    0.00       3/1427481     void std::__insertion_sort<__gnu_cxx::__normal_iterator<int*, std::vector<int, std::allocator<int> > >, __gnu_cxx::__ops::_Iter_comp_iter<defclique::heuristic(Graph&, int)::{lambda(int const&, int const&)#2}> >(__gnu_cxx::__normal_iterator<int*, std::vector<int, std::allocator<int> > >, __gnu_cxx::__normal_iterator<int*, std::vector<int, std::allocator<int> > >, __gnu_cxx::__ops::_Iter_comp_iter<defclique::heuristic(Graph&, int)::{lambda(int const&, int const&)#2}>) [26]
-----------------------------------------------
                0.00    0.00       2/2           main [1]
[20]     0.0    0.00    0.00       2         frame_dummy [20]
-----------------------------------------------
                                  11             void std::__insertion_sort<__gnu_cxx::__normal_iterator<int*, std::vector<int, std::allocator<int> > >, __gnu_cxx::__ops::_Iter_comp_iter<defclique::heuristic(Graph&, int)::{lambda(int const&, int const&)#2}> >(__gnu_cxx::__normal_iterator<int*, std::vector<int, std::allocator<int> > >, __gnu_cxx::__normal_iterator<int*, std::vector<int, std::allocator<int> > >, __gnu_cxx::__ops::_Iter_comp_iter<defclique::heuristic(Graph&, int)::{lambda(int const&, int const&)#2}>) [26]
                0.00    0.00       1/1427481     defclique::russianDollSearch(Graph, int) [2]
                0.00    0.00       2/1427481     defclique::coreReduction(Graph&, int) [4]
                0.00    0.00       3/1427481     defclique::logSet(VertexSet&, std::__cxx11::basic_string<char, std::char_traits<char>, std::allocator<char> > const&) [19]
                0.00    0.00       4/1427481     defclique::heuristic(Graph&, int) [3]
                0.00    0.00    6464/1427481     defclique::branch(int) [13]
                0.00    0.00 1421007/1427481     Graph::addEdge(int, int) [7]
[26]     0.0    0.00    0.00 1427481+11      void std::__insertion_sort<__gnu_cxx::__normal_iterator<int*, std::vector<int, std::allocator<int> > >, __gnu_cxx::__ops::_Iter_comp_iter<defclique::heuristic(Graph&, int)::{lambda(int const&, int const&)#2}> >(__gnu_cxx::__normal_iterator<int*, std::vector<int, std::allocator<int> > >, __gnu_cxx::__normal_iterator<int*, std::vector<int, std::allocator<int> > >, __gnu_cxx::__ops::_Iter_comp_iter<defclique::heuristic(Graph&, int)::{lambda(int const&, int const&)#2}>) [26]
                                  11             void std::__insertion_sort<__gnu_cxx::__normal_iterator<int*, std::vector<int, std::allocator<int> > >, __gnu_cxx::__ops::_Iter_comp_iter<defclique::heuristic(Graph&, int)::{lambda(int const&, int const&)#2}> >(__gnu_cxx::__normal_iterator<int*, std::vector<int, std::allocator<int> > >, __gnu_cxx::__normal_iterator<int*, std::vector<int, std::allocator<int> > >, __gnu_cxx::__ops::_Iter_comp_iter<defclique::heuristic(Graph&, int)::{lambda(int const&, int const&)#2}>) [26]
-----------------------------------------------
                0.00    0.00       6/75715       Graph::loadFromFile(std::__cxx11::basic_string<char, std::char_traits<char>, std::allocator<char> > const&) [5]
                0.00    0.00      10/75715       defclique::russianDollSearch(Graph, int) [2]
                0.00    0.00     417/75715       defclique::coreReduction(Graph&, int) [4]
                0.00    0.00    6032/75715       Graph::addEdge(int, int) [7]
                0.00    0.00   12066/75715       defclique::branch(int) [13]
                0.00    0.00   57184/75715       Ordering::degeneracyOrdering(Graph&) [10]
[27]     0.0    0.00    0.00   75715         std::vector<int, std::allocator<int> >::_M_default_append(unsigned long) [27]
-----------------------------------------------
                0.00    0.00   11777/56748       defclique::russianDollSearch(Graph, int) [2]
                0.00    0.00   12421/56748       defclique::branch(int) [13]
                0.00    0.00   32550/56748       defclique::heuristic(Graph&, int) [3]
[28]     0.0    0.00    0.00   56748         operator+(VertexSet, VertexSet) [28]
-----------------------------------------------
                0.00    0.00       2/49690       defclique::coreReduction(Graph&, int) [4]
                0.00    0.00       2/49690       defclique::heuristic(Graph&, int) [3]
                0.00    0.00       2/49690       defclique::russianDollSearch(Graph, int) [2]
                0.00    0.00   49684/49690       defclique::branch(int) [13]
[29]     0.0    0.00    0.00   49690         std::vector<int, std::allocator<int> >::vector(std::vector<int, std::allocator<int> > const&) [29]
-----------------------------------------------
                0.00    0.00   18181/18181       defclique::branch(int) [13]
[30]     0.0    0.00    0.00   18181         VertexSet::push(int) [30]
-----------------------------------------------
                0.00    0.00    6032/6032        Graph::addEdge(int, int) [7]
[31]     0.0    0.00    0.00    6032         std::vector<int, std::allocator<int> >::resize(unsigned long) [31]
-----------------------------------------------
                0.00    0.00     857/857         defclique::branch(int) [13]
[32]     0.0    0.00    0.00     857         defclique::moveCToS(int) [32]
-----------------------------------------------
                0.00    0.00     752/752         defclique::branch(int) [13]
[33]     0.0    0.00    0.00     752         defclique::restoreC(int) [33]
-----------------------------------------------
                0.00    0.00     331/331         defclique::branch(int) [13]
[34]     0.0    0.00    0.00     331         VertexSet::popFront(int) [34]
-----------------------------------------------
                0.00    0.00     137/137         defclique::coreReduction(Graph&, int) [4]
[35]     0.0    0.00    0.00     137         void std::deque<int, std::allocator<int> >::_M_push_back_aux<int const&>(int const&) [35]
-----------------------------------------------
                0.00    0.00       1/8           defclique::heuristic(Graph&, int) [3]
                0.00    0.00       2/8           main [1]
                0.00    0.00       2/8           defclique::coreReduction(Graph&, int) [4]
                0.00    0.00       3/8           defclique::russianDollSearch(Graph, int) [2]
[36]     0.0    0.00    0.00       8         Graph::~Graph() [36]
-----------------------------------------------
                0.00    0.00       1/2           main [1]
                0.00    0.00       1/2           defclique::russianDollSearch(Graph, int) [2]
[37]     0.0    0.00    0.00       2         Graph::Graph(Graph const&) [37]
-----------------------------------------------
                0.00    0.00       2/2           defclique::russianDollSearch(Graph, int) [2]
[38]     0.0    0.00    0.00       2         VertexSet::~VertexSet() [38]
-----------------------------------------------
                0.00    0.00       1/1           defclique::heuristic(Graph&, int) [3]
[39]     0.0    0.00    0.00       1         std::_Deque_base<int, std::allocator<int> >::~_Deque_base() [39]
-----------------------------------------------
                                1463             void std::__introsort_loop<__gnu_cxx::__normal_iterator<int*, std::vector<int, std::allocator<int> > >, long, __gnu_cxx::__ops::_Iter_comp_iter<defclique::heuristic(Graph&, int)::{lambda(int const&, int const&)#2}> >(__gnu_cxx::__normal_iterator<int*, std::vector<int, std::allocator<int> > >, __gnu_cxx::__normal_iterator<int*, std::vector<int, std::allocator<int> > >, long, __gnu_cxx::__ops::_Iter_comp_iter<defclique::heuristic(Graph&, int)::{lambda(int const&, int const&)#2}>) [40]
                0.00    0.00       1/1           defclique::heuristic(Graph&, int) [3]
[40]     0.0    0.00    0.00       1+1463    void std::__introsort_loop<__gnu_cxx::__normal_iterator<int*, std::vector<int, std::allocator<int> > >, long, __gnu_cxx::__ops::_Iter_comp_iter<defclique::heuristic(Graph&, int)::{lambda(int const&, int const&)#2}> >(__gnu_cxx::__normal_iterator<int*, std::vector<int, std::allocator<int> > >, __gnu_cxx::__normal_iterator<int*, std::vector<int, std::allocator<int> > >, long, __gnu_cxx::__ops::_Iter_comp_iter<defclique::heuristic(Graph&, int)::{lambda(int const&, int const&)#2}>) [40]
                                1463             void std::__introsort_loop<__gnu_cxx::__normal_iterator<int*, std::vector<int, std::allocator<int> > >, long, __gnu_cxx::__ops::_Iter_comp_iter<defclique::heuristic(Graph&, int)::{lambda(int const&, int const&)#2}> >(__gnu_cxx::__normal_iterator<int*, std::vector<int, std::allocator<int> > >, __gnu_cxx::__normal_iterator<int*, std::vector<int, std::allocator<int> > >, long, __gnu_cxx::__ops::_Iter_comp_iter<defclique::heuristic(Graph&, int)::{lambda(int const&, int const&)#2}>) [40]
-----------------------------------------------

Index by function name

   [9] CuckooHash::rehash(std::vector<int, std::allocator<int> >&) [4] defclique::coreReduction(Graph&, int) [8] std::vector<CuckooHash, std::allocator<CuckooHash> >::_M_default_append(unsigned long)
   [5] Graph::loadFromFile(std::__cxx11::basic_string<char, std::char_traits<char>, std::allocator<char> > const&) [2] defclique::russianDollSearch(Graph, int) [15] std::vector<std::vector<int, std::allocator<int> >, std::allocator<std::vector<int, std::allocator<int> > > >::_M_default_append(unsigned long)
   [7] Graph::addEdge(int, int) [13] defclique::branch(int) [27] std::vector<int, std::allocator<int> >::_M_default_append(unsigned long)
  [37] Graph::Graph(Graph const&) [19] defclique::logSet(VertexSet&, std::__cxx11::basic_string<char, std::char_traits<char>, std::allocator<char> > const&) [14] void std::vector<int, std::allocator<int> >::_M_realloc_insert<int const&>(__gnu_cxx::__normal_iterator<int*, std::vector<int, std::allocator<int> > >, int const&)
  [36] Graph::~Graph()        [18] defclique::updateC(int) [31] std::vector<int, std::allocator<int> >::resize(unsigned long)
  [11] logging::formatCurrentTime() (log.hpp) [32] defclique::moveCToS(int) [29] std::vector<int, std::allocator<int> >::vector(std::vector<int, std::allocator<int> > const&)
  [12] Coloring::graphColoring(Graph&, int) [17] defclique::moveSToC(int) [26] void std::__insertion_sort<__gnu_cxx::__normal_iterator<int*, std::vector<int, std::allocator<int> > >, __gnu_cxx::__ops::_Iter_comp_iter<defclique::heuristic(Graph&, int)::{lambda(int const&, int const&)#2}> >(__gnu_cxx::__normal_iterator<int*, std::vector<int, std::allocator<int> > >, __gnu_cxx::__normal_iterator<int*, std::vector<int, std::allocator<int> > >, __gnu_cxx::__ops::_Iter_comp_iter<defclique::heuristic(Graph&, int)::{lambda(int const&, int const&)#2}>) (stl_algo.h)
  [10] Ordering::degeneracyOrdering(Graph&) [33] defclique::restoreC(int) [40] void std::__introsort_loop<__gnu_cxx::__normal_iterator<int*, std::vector<int, std::allocator<int> > >, long, __gnu_cxx::__ops::_Iter_comp_iter<defclique::heuristic(Graph&, int)::{lambda(int const&, int const&)#2}> >(__gnu_cxx::__normal_iterator<int*, std::vector<int, std::allocator<int> > >, __gnu_cxx::__normal_iterator<int*, std::vector<int, std::allocator<int> > >, long, __gnu_cxx::__ops::_Iter_comp_iter<defclique::heuristic(Graph&, int)::{lambda(int const&, int const&)#2}>) (stl_algo.h)
  [30] VertexSet::push(int)    [6] defclique::subGraph(Graph&, VertexSet) [28] operator+(VertexSet, VertexSet)
  [34] VertexSet::popFront(int) [3] defclique::heuristic(Graph&, int) [20] frame_dummy
  [38] VertexSet::~VertexSet() [39] std::_Deque_base<int, std::allocator<int> >::~_Deque_base()
  [16] defclique::upperbound() [35] void std::deque<int, std::allocator<int> >::_M_push_back_aux<int const&>(int const&)
